# JRE version: Java(TM) SE Runtime Environment (8.0_77-b03) (build 1.8.0_77-b03)
# Java VM: Java HotSpot(TM) 64-Bit Server VM (25.77-b03 mixed mode windows-amd64 compressed oops)
Heap:
 PSYoungGen      total 273408K, used 24065K [0x00000000eab00000, 0x00000000fcf00000, 0x0000000100000000)
  eden space 250880K, 9% used [0x00000000eab00000,0x00000000ec280450,0x00000000fa000000)
  from space 22528K, 0% used [0x00000000fb900000,0x00000000fb900000,0x00000000fcf00000)
  to   space 24064K, 0% used [0x00000000fa000000,0x00000000fa000000,0x00000000fb780000)
 ParOldGen       total 97792K, used 39430K [0x00000000c0000000, 0x00000000c5f80000, 0x00000000eab00000)
  object space 97792K, 40% used [0x00000000c0000000,0x00000000c2681be8,0x00000000c5f80000)
 Metaspace       used 64548K, capacity 70654K, committed 72960K, reserved 1114112K
  class space    used 8255K, capacity 8662K, committed 9216K, reserved 1048576K
GC Heap History (10 events):
Event: 8311.309 GC heap before
{Heap before GC invocations=92 (full 30):
 PSYoungGen      total 276992K, used 1551K [0x00000000eab00000, 0x00000000fd400000, 0x0000000100000000)
  eden space 250880K, 0% used [0x00000000eab00000,0x00000000eab00000,0x00000000fa000000)
  from space 26112K, 5% used [0x00000000fba80000,0x00000000fbc03eb8,0x00000000fd400000)
  to   space 26624K, 0% used [0x00000000fa000000,0x00000000fa000000,0x00000000fba00000)
 ParOldGen       total 97792K, used 41962K [0x00000000c0000000, 0x00000000c5f80000, 0x00000000eab00000)
  object space 97792K, 42% used [0x00000000c0000000,0x00000000c28faba0,0x00000000c5f80000)
 Metaspace       used 65433K, capacity 72292K, committed 72448K, reserved 1112064K
  class space    used 8472K, capacity 9117K, committed 9216K, reserved 1048576K
Event: 8311.440 GC heap after
Heap after GC invocations=92 (full 30):
 PSYoungGen      total 276992K, used 0K [0x00000000eab00000, 0x00000000fd400000, 0x0000000100000000)
  eden space 250880K, 0% used [0x00000000eab00000,0x00000000eab00000,0x00000000fa000000)
  from space 26112K, 0% used [0x00000000fba80000,0x00000000fba80000,0x00000000fd400000)
  to   space 26624K, 0% used [0x00000000fa000000,0x00000000fa000000,0x00000000fba00000)
 ParOldGen       total 97792K, used 42530K [0x00000000c0000000, 0x00000000c5f80000, 0x00000000eab00000)
  object space 97792K, 43% used [0x00000000c0000000,0x00000000c2988870,0x00000000c5f80000)
 Metaspace       used 65433K, capacity 72292K, committed 72448K, reserved 1112064K
  class space    used 8472K, capacity 9117K, committed 9216K, reserved 1048576K
}
Event: 8799.082 GC heap before
{Heap before GC invocations=93 (full 30):
 PSYoungGen      total 276992K, used 97726K [0x00000000eab00000, 0x00000000fd400000, 0x0000000100000000)
  eden space 250880K, 38% used [0x00000000eab00000,0x00000000f0a6fa08,0x00000000fa000000)
  from space 26112K, 0% used [0x00000000fba80000,0x00000000fba80000,0x00000000fd400000)
  to   space 26624K, 0% used [0x00000000fa000000,0x00000000fa000000,0x00000000fba00000)
 ParOldGen       total 97792K, used 42530K [0x00000000c0000000, 0x00000000c5f80000, 0x00000000eab00000)
  object space 97792K, 43% used [0x00000000c0000000,0x00000000c2988870,0x00000000c5f80000)
 Metaspace       used 65486K, capacity 72448K, committed 72704K, reserved 1112064K
  class space    used 8480K, capacity 9125K, committed 9216K, reserved 1048576K
Event: 8799.088 GC heap after
Heap after GC invocations=93 (full 30):
 PSYoungGen      total 252416K, used 1423K [0x00000000eab00000, 0x00000000fd200000, 0x0000000100000000)
  eden space 250880K, 0% used [0x00000000eab00000,0x00000000eab00000,0x00000000fa000000)
  from space 1536K, 92% used [0x00000000fa000000,0x00000000fa163c60,0x00000000fa180000)
  to   space 25600K, 0% used [0x00000000fb900000,0x00000000fb900000,0x00000000fd200000)
 ParOldGen       total 97792K, used 42530K [0x00000000c0000000, 0x00000000c5f80000, 0x00000000eab00000)
  object space 97792K, 43% used [0x00000000c0000000,0x00000000c2988870,0x00000000c5f80000)
 Metaspace       used 65486K, capacity 72448K, committed 72704K, reserved 1112064K
  class space    used 8480K, capacity 9125K, committed 9216K, reserved 1048576K
}
Event: 8799.088 GC heap before
{Heap before GC invocations=94 (full 31):
 PSYoungGen      total 252416K, used 1423K [0x00000000eab00000, 0x00000000fd200000, 0x0000000100000000)
  eden space 250880K, 0% used [0x00000000eab00000,0x00000000eab00000,0x00000000fa000000)
  from space 1536K, 92% used [0x00000000fa000000,0x00000000fa163c60,0x00000000fa180000)
  to   space 25600K, 0% used [0x00000000fb900000,0x00000000fb900000,0x00000000fd200000)
 ParOldGen       total 97792K, used 42530K [0x00000000c0000000, 0x00000000c5f80000, 0x00000000eab00000)
  object space 97792K, 43% used [0x00000000c0000000,0x00000000c2988870,0x00000000c5f80000)
 Metaspace       used 65486K, capacity 72448K, committed 72704K, reserved 1112064K
  class space    used 8480K, capacity 9125K, committed 9216K, reserved 1048576K
Event: 8799.260 GC heap after
Heap after GC invocations=94 (full 31):
 PSYoungGen      total 252416K, used 0K [0x00000000eab00000, 0x00000000fd200000, 0x0000000100000000)
  eden space 250880K, 0% used [0x00000000eab00000,0x00000000eab00000,0x00000000fa000000)
  from space 1536K, 0% used [0x00000000fa000000,0x00000000fa000000,0x00000000fa180000)
  to   space 25600K, 0% used [0x00000000fb900000,0x00000000fb900000,0x00000000fd200000)
 ParOldGen       total 97792K, used 41723K [0x00000000c0000000, 0x00000000c5f80000, 0x00000000eab00000)
  object space 97792K, 42% used [0x00000000c0000000,0x00000000c28bed80,0x00000000c5f80000)
 Metaspace       used 65385K, capacity 72280K, committed 72704K, reserved 1112064K
  class space    used 8465K, capacity 9097K, committed 9216K, reserved 1048576K
}
Event: 9870.129 GC heap before
{Heap before GC invocations=95 (full 31):
 PSYoungGen      total 252416K, used 219699K [0x00000000eab00000, 0x00000000fd200000, 0x0000000100000000)
  eden space 250880K, 87% used [0x00000000eab00000,0x00000000f818cdb8,0x00000000fa000000)
  from space 1536K, 0% used [0x00000000fa000000,0x00000000fa000000,0x00000000fa180000)
  to   space 25600K, 0% used [0x00000000fb900000,0x00000000fb900000,0x00000000fd200000)
 ParOldGen       total 97792K, used 41723K [0x00000000c0000000, 0x00000000c5f80000, 0x00000000eab00000)
  object space 97792K, 42% used [0x00000000c0000000,0x00000000c28bed80,0x00000000c5f80000)
 Metaspace       used 65568K, capacity 72544K, committed 72960K, reserved 1114112K
  class space    used 8484K, capacity 9117K, committed 9216K, reserved 1048576K
Event: 9870.140 GC heap after
Heap after GC invocations=95 (full 31):
 PSYoungGen      total 273408K, used 5494K [0x00000000eab00000, 0x00000000fcf00000, 0x0000000100000000)
  eden space 250880K, 0% used [0x00000000eab00000,0x00000000eab00000,0x00000000fa000000)
  from space 22528K, 24% used [0x00000000fb900000,0x00000000fbe5da70,0x00000000fcf00000)
  to   space 24064K, 0% used [0x00000000fa000000,0x00000000fa000000,0x00000000fb780000)
 ParOldGen       total 97792K, used 41731K [0x00000000c0000000, 0x00000000c5f80000, 0x00000000eab00000)
  object space 97792K, 42% used [0x00000000c0000000,0x00000000c28c0d80,0x00000000c5f80000)
 Metaspace       used 65568K, capacity 72544K, committed 72960K, reserved 1114112K
  class space    used 8484K, capacity 9117K, committed 9216K, reserved 1048576K
}
Event: 9870.140 GC heap before
{Heap before GC invocations=96 (full 32):
 PSYoungGen      total 273408K, used 5494K [0x00000000eab00000, 0x00000000fcf00000, 0x0000000100000000)
  eden space 250880K, 0% used [0x00000000eab00000,0x00000000eab00000,0x00000000fa000000)
  from space 22528K, 24% used [0x00000000fb900000,0x00000000fbe5da70,0x00000000fcf00000)
  to   space 24064K, 0% used [0x00000000fa000000,0x00000000fa000000,0x00000000fb780000)
 ParOldGen       total 97792K, used 41731K [0x00000000c0000000, 0x00000000c5f80000, 0x00000000eab00000)
  object space 97792K, 42% used [0x00000000c0000000,0x00000000c28c0d80,0x00000000c5f80000)
 Metaspace       used 65568K, capacity 72544K, committed 72960K, reserved 1114112K
  class space    used 8484K, capacity 9117K, committed 9216K, reserved 1048576K
Event: 9870.346 GC heap after
Heap after GC invocations=96 (full 32):
 PSYoungGen      total 273408K, used 0K [0x00000000eab00000, 0x00000000fcf00000, 0x0000000100000000)
  eden space 250880K, 0% used [0x00000000eab00000,0x00000000eab00000,0x00000000fa000000)
  from space 22528K, 0% used [0x00000000fb900000,0x00000000fb900000,0x00000000fcf00000)
  to   space 24064K, 0% used [0x00000000fa000000,0x00000000fa000000,0x00000000fb780000)
 ParOldGen       total 97792K, used 39430K [0x00000000c0000000, 0x00000000c5f80000, 0x00000000eab00000)
  object space 97792K, 40% used [0x00000000c0000000,0x00000000c2681be8,0x00000000c5f80000)
 Metaspace       used 64329K, capacity 70318K, committed 72960K, reserved 1114112K
  class space    used 8222K, capacity 8604K, committed 9216K, reserved 1048576K
}

